<?xml version="1.0" encoding="UTF-8"?>
<!-- Generated by org.testng.reporters.JUnitReportReporter -->
<testsuite hostname="LAPTOP-R0LDLEQH" failures="0" tests="1" name="com.sauceDemoProject.Test.TC_02_VerifyAddToCartFunct" time="8.073" errors="0" timestamp="2024-06-29T12:38:40 IST" skipped="0">
  <testcase classname="com.sauceDemoProject.Test.TC_02_VerifyAddToCartFunct" name="AddToCart" time="8.073"/>
  <system-out/>
</testsuite> <!-- com.sauceDemoProject.Test.TC_02_VerifyAddToCartFunct -->
