<?xml version="1.0" encoding="UTF-8"?>
<!-- Generated by org.testng.reporters.JUnitReportReporter -->
<testsuite hostname="LAPTOP-R0LDLEQH" failures="0" tests="1" name="com.sauceDemoProject.Test.TC_03_VerifyCheckOutFunctionality" time="6.709" errors="0" timestamp="2024-06-29T12:38:40 IST" skipped="0">
  <testcase classname="com.sauceDemoProject.Test.TC_03_VerifyCheckOutFunctionality" name="verifyCheckoutFuct" time="6.709"/>
  <system-out/>
</testsuite> <!-- com.sauceDemoProject.Test.TC_03_VerifyCheckOutFunctionality -->
